<?xml version='1.0' encoding='UTF-8'?>
<testsuite hostname="DESKTOP-G18EPA4" name="fr.esgi.iabd.tictactoe.TicTacToeSpec" tests="4" errors="0" failures="0" skipped="0" time="0.031" timestamp="2023-05-23T15:54:36">
          <properties>
[...]
</properties>
          <testcase classname="fr.esgi.iabd.tictactoe.TicTacToeSpec" name="play should add X for player 1" time="0.031">
                      
                    </testcase><testcase classname="fr.esgi.iabd.tictactoe.TicTacToeSpec" name="vertialVictory should validate vertical victory" time="0.0">
                      
                    </testcase><testcase classname="fr.esgi.iabd.tictactoe.TicTacToeSpec" name="horizontalVictory should validate horizontal victory" time="0.0">
                      
                    </testcase><testcase classname="fr.esgi.iabd.tictactoe.TicTacToeSpec" name="victory should find victory in any situation" time="0.0">
                      
                    </testcase>
          <system-out><![CDATA[]]></system-out>
          <system-err><![CDATA[]]></system-err>
        </testsuite>